Exception at PC 0x00007FF82609A799
Exception at PC 0x00007FF82609A799
Unable to capture context for thread 7400 in process 14176, can not generate back trace
Exception at PC 0x00007FF82609A799
Unable to capture context for thread 2976 in process 14176, can not generate back trace
Exception at PC 0x00007FF82609A799
Unable to capture context for thread 2976 in process 14176, can not generate back trace
Exception at PC 0x00007FFFCFB6BB93
Printing stacktrace...

Exception at PC 0x00007FF82609A799
Exception at PC 0x00007FF82609A799
Exception at PC 0x00007FF82609A799
Exception at PC 0x00007FF82609A799
Exception at PC 0x00007FF82609A799
Exception at PC 0x00007FF82609A799
Exception at PC 0x00007FF82609A799
Exception at PC 0x00007FF82609A799
Exception at PC 0x00007FF82609A799
Exception at PC 0x00007FF82609A799
Exception at PC 0x00007FF82609A799
Exception at PC 0x00007FF82609A799
[0]  [0x00007FFFCFB6BB93]
[1]  [0x00007FFFCFB6BB93]
[2]  [0x00007FFFCFB6B4A1]
[3]  [0x00007FFFCFB6B3EF]
[4]  [0x00007FFFCFB519FE]
[5]  [0x00007FFFCFB50ED1]
[6]  [0x00007FFFCFB50D76]
[7]  [0x00007FFFCFAF79F6]
[8]  [0x00007FFFCFAE7AFB]
[9]  [0x00007FFFCFC0E90A]
[10]  [0x00007FFFCFC29F87]
[11]  [0x00007FFFCFC2A05F]
[12] (BaseThreadInitThunk+0x14) [0x00007FF826F87BD4]
[13] (RtlUserThreadStart+0x21) [0x00007FF828D6CE51]
Done
Exception at PC 0x00007FF82609A799
Exception at PC 0x00007FF82609A799
